26 Jul 2013 00:13:02,733 ERROR security.AuditInLogger - Exception in AuditModule
com.google.gson.JsonSyntaxException: com.google.gson.stream.MalformedJsonException: Expected EOF at line 1 column 36016
	at com.google.gson.JsonParser.parse(JsonParser.java:65)
	at edu.emory.cci.bindaas.security.impl.FileSystemAuditProvider.audit(FileSystemAuditProvider.java:64)
	at edu.emory.cci.bindaas.core.rest.security.AuditInLogger.handleMessage(AuditInLogger.java:141)
	at org.apache.cxf.phase.PhaseInterceptorChain.doIntercept(PhaseInterceptorChain.java:271)
	at org.apache.cxf.transport.ChainInitiationObserver.onMessage(ChainInitiationObserver.java:121)
	at org.apache.cxf.transport.http_jetty.JettyHTTPDestination.serviceRequest(JettyHTTPDestination.java:355)
	at org.apache.cxf.transport.http_jetty.JettyHTTPDestination.doService(JettyHTTPDestination.java:319)
	at org.apache.cxf.transport.http_jetty.JettyHTTPHandler.handle(JettyHTTPHandler.java:72)
	at org.eclipse.jetty.server.handler.ContextHandler.doHandle(ContextHandler.java:1074)
	at org.eclipse.jetty.server.handler.ContextHandler.doScope(ContextHandler.java:1010)
	at org.eclipse.jetty.server.handler.ScopedHandler.handle(ScopedHandler.java:135)
	at org.eclipse.jetty.server.handler.ContextHandlerCollection.handle(ContextHandlerCollection.java:255)
	at org.eclipse.jetty.server.handler.HandlerWrapper.handle(HandlerWrapper.java:116)
	at org.eclipse.jetty.server.Server.handle(Server.java:365)
	at org.eclipse.jetty.server.AbstractHttpConnection.handleRequest(AbstractHttpConnection.java:485)
	at org.eclipse.jetty.server.AbstractHttpConnection.content(AbstractHttpConnection.java:937)
	at org.eclipse.jetty.server.AbstractHttpConnection$RequestHandler.content(AbstractHttpConnection.java:998)
	at org.eclipse.jetty.http.HttpParser.parseNext(HttpParser.java:856)
	at org.eclipse.jetty.http.HttpParser.parseAvailable(HttpParser.java:240)
	at org.eclipse.jetty.server.AsyncHttpConnection.handle(AsyncHttpConnection.java:82)
	at org.eclipse.jetty.io.nio.SelectChannelEndPoint.handle(SelectChannelEndPoint.java:627)
	at org.eclipse.jetty.io.nio.SelectChannelEndPoint$1.run(SelectChannelEndPoint.java:51)
	at org.eclipse.jetty.util.thread.QueuedThreadPool.runJob(QueuedThreadPool.java:608)
	at org.eclipse.jetty.util.thread.QueuedThreadPool$3.run(QueuedThreadPool.java:543)
	at java.lang.Thread.run(Thread.java:680)
Caused by: com.google.gson.stream.MalformedJsonException: Expected EOF at line 1 column 36016
	at com.google.gson.stream.JsonReader.syntaxError(JsonReader.java:1298)
	at com.google.gson.stream.JsonReader.peek(JsonReader.java:390)
	at com.google.gson.JsonParser.parse(JsonParser.java:60)
	... 24 more
26 Jul 2013 00:13:02,752 ERROR security.AuditInLogger - Exception in AuditModule
com.google.gson.JsonSyntaxException: com.google.gson.stream.MalformedJsonException: Expected EOF at line 1 column 36016
	at com.google.gson.JsonParser.parse(JsonParser.java:65)
	at edu.emory.cci.bindaas.security.impl.FileSystemAuditProvider.audit(FileSystemAuditProvider.java:64)
	at edu.emory.cci.bindaas.core.rest.security.AuditInLogger.handleMessage(AuditInLogger.java:141)
	at org.apache.cxf.phase.PhaseInterceptorChain.doIntercept(PhaseInterceptorChain.java:271)
	at org.apache.cxf.transport.ChainInitiationObserver.onMessage(ChainInitiationObserver.java:121)
	at org.apache.cxf.transport.http_jetty.JettyHTTPDestination.serviceRequest(JettyHTTPDestination.java:355)
	at org.apache.cxf.transport.http_jetty.JettyHTTPDestination.doService(JettyHTTPDestination.java:319)
	at org.apache.cxf.transport.http_jetty.JettyHTTPHandler.handle(JettyHTTPHandler.java:72)
	at org.eclipse.jetty.server.handler.ContextHandler.doHandle(ContextHandler.java:1074)
	at org.eclipse.jetty.server.handler.ContextHandler.doScope(ContextHandler.java:1010)
	at org.eclipse.jetty.server.handler.ScopedHandler.handle(ScopedHandler.java:135)
	at org.eclipse.jetty.server.handler.ContextHandlerCollection.handle(ContextHandlerCollection.java:255)
	at org.eclipse.jetty.server.handler.HandlerWrapper.handle(HandlerWrapper.java:116)
	at org.eclipse.jetty.server.Server.handle(Server.java:365)
	at org.eclipse.jetty.server.AbstractHttpConnection.handleRequest(AbstractHttpConnection.java:485)
	at org.eclipse.jetty.server.AbstractHttpConnection.content(AbstractHttpConnection.java:937)
	at org.eclipse.jetty.server.AbstractHttpConnection$RequestHandler.content(AbstractHttpConnection.java:998)
	at org.eclipse.jetty.http.HttpParser.parseNext(HttpParser.java:856)
	at org.eclipse.jetty.http.HttpParser.parseAvailable(HttpParser.java:235)
	at org.eclipse.jetty.server.AsyncHttpConnection.handle(AsyncHttpConnection.java:82)
	at org.eclipse.jetty.io.nio.SelectChannelEndPoint.handle(SelectChannelEndPoint.java:627)
	at org.eclipse.jetty.io.nio.SelectChannelEndPoint$1.run(SelectChannelEndPoint.java:51)
	at org.eclipse.jetty.util.thread.QueuedThreadPool.runJob(QueuedThreadPool.java:608)
	at org.eclipse.jetty.util.thread.QueuedThreadPool$3.run(QueuedThreadPool.java:543)
	at java.lang.Thread.run(Thread.java:680)
Caused by: com.google.gson.stream.MalformedJsonException: Expected EOF at line 1 column 36016
	at com.google.gson.stream.JsonReader.syntaxError(JsonReader.java:1298)
	at com.google.gson.stream.JsonReader.peek(JsonReader.java:390)
	at com.google.gson.JsonParser.parse(JsonParser.java:60)
	... 24 more
26 Jul 2013 00:13:02,757 ERROR security.AuditInLogger - Exception in AuditModule
com.google.gson.JsonSyntaxException: com.google.gson.stream.MalformedJsonException: Expected EOF at line 1 column 36016
	at com.google.gson.JsonParser.parse(JsonParser.java:65)
	at edu.emory.cci.bindaas.security.impl.FileSystemAuditProvider.audit(FileSystemAuditProvider.java:64)
	at edu.emory.cci.bindaas.core.rest.security.AuditInLogger.handleMessage(AuditInLogger.java:141)
	at org.apache.cxf.phase.PhaseInterceptorChain.doIntercept(PhaseInterceptorChain.java:271)
	at org.apache.cxf.transport.ChainInitiationObserver.onMessage(ChainInitiationObserver.java:121)
	at org.apache.cxf.transport.http_jetty.JettyHTTPDestination.serviceRequest(JettyHTTPDestination.java:355)
	at org.apache.cxf.transport.http_jetty.JettyHTTPDestination.doService(JettyHTTPDestination.java:319)
	at org.apache.cxf.transport.http_jetty.JettyHTTPHandler.handle(JettyHTTPHandler.java:72)
	at org.eclipse.jetty.server.handler.ContextHandler.doHandle(ContextHandler.java:1074)
	at org.eclipse.jetty.server.handler.ContextHandler.doScope(ContextHandler.java:1010)
	at org.eclipse.jetty.server.handler.ScopedHandler.handle(ScopedHandler.java:135)
	at org.eclipse.jetty.server.handler.ContextHandlerCollection.handle(ContextHandlerCollection.java:255)
	at org.eclipse.jetty.server.handler.HandlerWrapper.handle(HandlerWrapper.java:116)
	at org.eclipse.jetty.server.Server.handle(Server.java:365)
	at org.eclipse.jetty.server.AbstractHttpConnection.handleRequest(AbstractHttpConnection.java:485)
	at org.eclipse.jetty.server.AbstractHttpConnection.content(AbstractHttpConnection.java:937)
	at org.eclipse.jetty.server.AbstractHttpConnection$RequestHandler.content(AbstractHttpConnection.java:998)
	at org.eclipse.jetty.http.HttpParser.parseNext(HttpParser.java:856)
	at org.eclipse.jetty.http.HttpParser.parseAvailable(HttpParser.java:240)
	at org.eclipse.jetty.server.AsyncHttpConnection.handle(AsyncHttpConnection.java:82)
	at org.eclipse.jetty.io.nio.SelectChannelEndPoint.handle(SelectChannelEndPoint.java:627)
	at org.eclipse.jetty.io.nio.SelectChannelEndPoint$1.run(SelectChannelEndPoint.java:51)
	at org.eclipse.jetty.util.thread.QueuedThreadPool.runJob(QueuedThreadPool.java:608)
	at org.eclipse.jetty.util.thread.QueuedThreadPool$3.run(QueuedThreadPool.java:543)
	at java.lang.Thread.run(Thread.java:680)
Caused by: com.google.gson.stream.MalformedJsonException: Expected EOF at line 1 column 36016
	at com.google.gson.stream.JsonReader.syntaxError(JsonReader.java:1298)
	at com.google.gson.stream.JsonReader.peek(JsonReader.java:390)
	at com.google.gson.JsonParser.parse(JsonParser.java:60)
	... 24 more
26 Jul 2013 00:13:02,765 ERROR security.AuditInLogger - Exception in AuditModule
com.google.gson.JsonSyntaxException: com.google.gson.stream.MalformedJsonException: Expected EOF at line 1 column 36016
	at com.google.gson.JsonParser.parse(JsonParser.java:65)
	at edu.emory.cci.bindaas.security.impl.FileSystemAuditProvider.audit(FileSystemAuditProvider.java:64)
	at edu.emory.cci.bindaas.core.rest.security.AuditInLogger.handleMessage(AuditInLogger.java:141)
	at org.apache.cxf.phase.PhaseInterceptorChain.doIntercept(PhaseInterceptorChain.java:271)
	at org.apache.cxf.transport.ChainInitiationObserver.onMessage(ChainInitiationObserver.java:121)
	at org.apache.cxf.transport.http_jetty.JettyHTTPDestination.serviceRequest(JettyHTTPDestination.java:355)
	at org.apache.cxf.transport.http_jetty.JettyHTTPDestination.doService(JettyHTTPDestination.java:319)
	at org.apache.cxf.transport.http_jetty.JettyHTTPHandler.handle(JettyHTTPHandler.java:72)
	at org.eclipse.jetty.server.handler.ContextHandler.doHandle(ContextHandler.java:1074)
	at org.eclipse.jetty.server.handler.ContextHandler.doScope(ContextHandler.java:1010)
	at org.eclipse.jetty.server.handler.ScopedHandler.handle(ScopedHandler.java:135)
	at org.eclipse.jetty.server.handler.ContextHandlerCollection.handle(ContextHandlerCollection.java:255)
	at org.eclipse.jetty.server.handler.HandlerWrapper.handle(HandlerWrapper.java:116)
	at org.eclipse.jetty.server.Server.handle(Server.java:365)
	at org.eclipse.jetty.server.AbstractHttpConnection.handleRequest(AbstractHttpConnection.java:485)
	at org.eclipse.jetty.server.AbstractHttpConnection.content(AbstractHttpConnection.java:937)
	at org.eclipse.jetty.server.AbstractHttpConnection$RequestHandler.content(AbstractHttpConnection.java:998)
	at org.eclipse.jetty.http.HttpParser.parseNext(HttpParser.java:856)
	at org.eclipse.jetty.http.HttpParser.parseAvailable(HttpParser.java:240)
	at org.eclipse.jetty.server.AsyncHttpConnection.handle(AsyncHttpConnection.java:82)
	at org.eclipse.jetty.io.nio.SelectChannelEndPoint.handle(SelectChannelEndPoint.java:627)
	at org.eclipse.jetty.io.nio.SelectChannelEndPoint$1.run(SelectChannelEndPoint.java:51)
	at org.eclipse.jetty.util.thread.QueuedThreadPool.runJob(QueuedThreadPool.java:608)
	at org.eclipse.jetty.util.thread.QueuedThreadPool$3.run(QueuedThreadPool.java:543)
	at java.lang.Thread.run(Thread.java:680)
Caused by: com.google.gson.stream.MalformedJsonException: Expected EOF at line 1 column 36016
	at com.google.gson.stream.JsonReader.syntaxError(JsonReader.java:1298)
	at com.google.gson.stream.JsonReader.peek(JsonReader.java:390)
	at com.google.gson.JsonParser.parse(JsonParser.java:60)
	... 24 more
26 Jul 2013 00:13:02,762 ERROR security.AuditInLogger - Exception in AuditModule
com.google.gson.JsonSyntaxException: com.google.gson.stream.MalformedJsonException: Expected EOF at line 1 column 36016
	at com.google.gson.JsonParser.parse(JsonParser.java:65)
	at edu.emory.cci.bindaas.security.impl.FileSystemAuditProvider.audit(FileSystemAuditProvider.java:64)
	at edu.emory.cci.bindaas.core.rest.security.AuditInLogger.handleMessage(AuditInLogger.java:141)
	at org.apache.cxf.phase.PhaseInterceptorChain.doIntercept(PhaseInterceptorChain.java:271)
	at org.apache.cxf.transport.ChainInitiationObserver.onMessage(ChainInitiationObserver.java:121)
	at org.apache.cxf.transport.http_jetty.JettyHTTPDestination.serviceRequest(JettyHTTPDestination.java:355)
	at org.apache.cxf.transport.http_jetty.JettyHTTPDestination.doService(JettyHTTPDestination.java:319)
	at org.apache.cxf.transport.http_jetty.JettyHTTPHandler.handle(JettyHTTPHandler.java:72)
	at org.eclipse.jetty.server.handler.ContextHandler.doHandle(ContextHandler.java:1074)
	at org.eclipse.jetty.server.handler.ContextHandler.doScope(ContextHandler.java:1010)
	at org.eclipse.jetty.server.handler.ScopedHandler.handle(ScopedHandler.java:135)
	at org.eclipse.jetty.server.handler.ContextHandlerCollection.handle(ContextHandlerCollection.java:255)
	at org.eclipse.jetty.server.handler.HandlerWrapper.handle(HandlerWrapper.java:116)
	at org.eclipse.jetty.server.Server.handle(Server.java:365)
	at org.eclipse.jetty.server.AbstractHttpConnection.handleRequest(AbstractHttpConnection.java:485)
	at org.eclipse.jetty.server.AbstractHttpConnection.content(AbstractHttpConnection.java:937)
	at org.eclipse.jetty.server.AbstractHttpConnection$RequestHandler.content(AbstractHttpConnection.java:998)
	at org.eclipse.jetty.http.HttpParser.parseNext(HttpParser.java:856)
	at org.eclipse.jetty.http.HttpParser.parseAvailable(HttpParser.java:240)
	at org.eclipse.jetty.server.AsyncHttpConnection.handle(AsyncHttpConnection.java:82)
	at org.eclipse.jetty.io.nio.SelectChannelEndPoint.handle(SelectChannelEndPoint.java:627)
	at org.eclipse.jetty.io.nio.SelectChannelEndPoint$1.run(SelectChannelEndPoint.java:51)
	at org.eclipse.jetty.util.thread.QueuedThreadPool.runJob(QueuedThreadPool.java:608)
	at org.eclipse.jetty.util.thread.QueuedThreadPool$3.run(QueuedThreadPool.java:543)
	at java.lang.Thread.run(Thread.java:680)
Caused by: com.google.gson.stream.MalformedJsonException: Expected EOF at line 1 column 36016
	at com.google.gson.stream.JsonReader.syntaxError(JsonReader.java:1298)
	at com.google.gson.stream.JsonReader.peek(JsonReader.java:390)
	at com.google.gson.JsonParser.parse(JsonParser.java:60)
	... 24 more
26 Jul 2013 00:13:02,760 ERROR security.AuditInLogger - Exception in AuditModule
com.google.gson.JsonSyntaxException: com.google.gson.stream.MalformedJsonException: Expected EOF at line 1 column 36016
	at com.google.gson.JsonParser.parse(JsonParser.java:65)
	at edu.emory.cci.bindaas.security.impl.FileSystemAuditProvider.audit(FileSystemAuditProvider.java:64)
	at edu.emory.cci.bindaas.core.rest.security.AuditInLogger.handleMessage(AuditInLogger.java:141)
	at org.apache.cxf.phase.PhaseInterceptorChain.doIntercept(PhaseInterceptorChain.java:271)
	at org.apache.cxf.transport.ChainInitiationObserver.onMessage(ChainInitiationObserver.java:121)
	at org.apache.cxf.transport.http_jetty.JettyHTTPDestination.serviceRequest(JettyHTTPDestination.java:355)
	at org.apache.cxf.transport.http_jetty.JettyHTTPDestination.doService(JettyHTTPDestination.java:319)
	at org.apache.cxf.transport.http_jetty.JettyHTTPHandler.handle(JettyHTTPHandler.java:72)
	at org.eclipse.jetty.server.handler.ContextHandler.doHandle(ContextHandler.java:1074)
	at org.eclipse.jetty.server.handler.ContextHandler.doScope(ContextHandler.java:1010)
	at org.eclipse.jetty.server.handler.ScopedHandler.handle(ScopedHandler.java:135)
	at org.eclipse.jetty.server.handler.ContextHandlerCollection.handle(ContextHandlerCollection.java:255)
	at org.eclipse.jetty.server.handler.HandlerWrapper.handle(HandlerWrapper.java:116)
	at org.eclipse.jetty.server.Server.handle(Server.java:365)
	at org.eclipse.jetty.server.AbstractHttpConnection.handleRequest(AbstractHttpConnection.java:485)
	at org.eclipse.jetty.server.AbstractHttpConnection.content(AbstractHttpConnection.java:937)
	at org.eclipse.jetty.server.AbstractHttpConnection$RequestHandler.content(AbstractHttpConnection.java:998)
	at org.eclipse.jetty.http.HttpParser.parseNext(HttpParser.java:856)
	at org.eclipse.jetty.http.HttpParser.parseAvailable(HttpParser.java:240)
	at org.eclipse.jetty.server.AsyncHttpConnection.handle(AsyncHttpConnection.java:82)
	at org.eclipse.jetty.io.nio.SelectChannelEndPoint.handle(SelectChannelEndPoint.java:627)
	at org.eclipse.jetty.io.nio.SelectChannelEndPoint$1.run(SelectChannelEndPoint.java:51)
	at org.eclipse.jetty.util.thread.QueuedThreadPool.runJob(QueuedThreadPool.java:608)
	at org.eclipse.jetty.util.thread.QueuedThreadPool$3.run(QueuedThreadPool.java:543)
	at java.lang.Thread.run(Thread.java:680)
Caused by: com.google.gson.stream.MalformedJsonException: Expected EOF at line 1 column 36016
	at com.google.gson.stream.JsonReader.syntaxError(JsonReader.java:1298)
	at com.google.gson.stream.JsonReader.peek(JsonReader.java:390)
	at com.google.gson.JsonParser.parse(JsonParser.java:60)
	... 24 more
26 Jul 2013 00:13:02,770 ERROR security.AuditInLogger - Exception in AuditModule
com.google.gson.JsonSyntaxException: com.google.gson.stream.MalformedJsonException: Expected EOF at line 1 column 36016
	at com.google.gson.JsonParser.parse(JsonParser.java:65)
	at edu.emory.cci.bindaas.security.impl.FileSystemAuditProvider.audit(FileSystemAuditProvider.java:64)
	at edu.emory.cci.bindaas.core.rest.security.AuditInLogger.handleMessage(AuditInLogger.java:141)
	at org.apache.cxf.phase.PhaseInterceptorChain.doIntercept(PhaseInterceptorChain.java:271)
	at org.apache.cxf.transport.ChainInitiationObserver.onMessage(ChainInitiationObserver.java:121)
	at org.apache.cxf.transport.http_jetty.JettyHTTPDestination.serviceRequest(JettyHTTPDestination.java:355)
	at org.apache.cxf.transport.http_jetty.JettyHTTPDestination.doService(JettyHTTPDestination.java:319)
	at org.apache.cxf.transport.http_jetty.JettyHTTPHandler.handle(JettyHTTPHandler.java:72)
	at org.eclipse.jetty.server.handler.ContextHandler.doHandle(ContextHandler.java:1074)
	at org.eclipse.jetty.server.handler.ContextHandler.doScope(ContextHandler.java:1010)
	at org.eclipse.jetty.server.handler.ScopedHandler.handle(ScopedHandler.java:135)
	at org.eclipse.jetty.server.handler.ContextHandlerCollection.handle(ContextHandlerCollection.java:255)
	at org.eclipse.jetty.server.handler.HandlerWrapper.handle(HandlerWrapper.java:116)
	at org.eclipse.jetty.server.Server.handle(Server.java:365)
	at org.eclipse.jetty.server.AbstractHttpConnection.handleRequest(AbstractHttpConnection.java:485)
	at org.eclipse.jetty.server.AbstractHttpConnection.content(AbstractHttpConnection.java:937)
	at org.eclipse.jetty.server.AbstractHttpConnection$RequestHandler.content(AbstractHttpConnection.java:998)
	at org.eclipse.jetty.http.HttpParser.parseNext(HttpParser.java:856)
	at org.eclipse.jetty.http.HttpParser.parseAvailable(HttpParser.java:240)
	at org.eclipse.jetty.server.AsyncHttpConnection.handle(AsyncHttpConnection.java:82)
	at org.eclipse.jetty.io.nio.SelectChannelEndPoint.handle(SelectChannelEndPoint.java:627)
	at org.eclipse.jetty.io.nio.SelectChannelEndPoint$1.run(SelectChannelEndPoint.java:51)
	at org.eclipse.jetty.util.thread.QueuedThreadPool.runJob(QueuedThreadPool.java:608)
	at org.eclipse.jetty.util.thread.QueuedThreadPool$3.run(QueuedThreadPool.java:543)
	at java.lang.Thread.run(Thread.java:680)
Caused by: com.google.gson.stream.MalformedJsonException: Expected EOF at line 1 column 36016
	at com.google.gson.stream.JsonReader.syntaxError(JsonReader.java:1298)
	at com.google.gson.stream.JsonReader.peek(JsonReader.java:390)
	at com.google.gson.JsonParser.parse(JsonParser.java:60)
	... 24 more
26 Jul 2013 00:13:02,791 ERROR security.AuditInLogger - Exception in AuditModule
com.google.gson.JsonSyntaxException: com.google.gson.stream.MalformedJsonException: Expected EOF at line 1 column 36016
	at com.google.gson.JsonParser.parse(JsonParser.java:65)
	at edu.emory.cci.bindaas.security.impl.FileSystemAuditProvider.audit(FileSystemAuditProvider.java:64)
	at edu.emory.cci.bindaas.core.rest.security.AuditInLogger.handleMessage(AuditInLogger.java:141)
	at org.apache.cxf.phase.PhaseInterceptorChain.doIntercept(PhaseInterceptorChain.java:271)
	at org.apache.cxf.transport.ChainInitiationObserver.onMessage(ChainInitiationObserver.java:121)
	at org.apache.cxf.transport.http_jetty.JettyHTTPDestination.serviceRequest(JettyHTTPDestination.java:355)
	at org.apache.cxf.transport.http_jetty.JettyHTTPDestination.doService(JettyHTTPDestination.java:319)
	at org.apache.cxf.transport.http_jetty.JettyHTTPHandler.handle(JettyHTTPHandler.java:72)
	at org.eclipse.jetty.server.handler.ContextHandler.doHandle(ContextHandler.java:1074)
	at org.eclipse.jetty.server.handler.ContextHandler.doScope(ContextHandler.java:1010)
	at org.eclipse.jetty.server.handler.ScopedHandler.handle(ScopedHandler.java:135)
	at org.eclipse.jetty.server.handler.ContextHandlerCollection.handle(ContextHandlerCollection.java:255)
	at org.eclipse.jetty.server.handler.HandlerWrapper.handle(HandlerWrapper.java:116)
	at org.eclipse.jetty.server.Server.handle(Server.java:365)
	at org.eclipse.jetty.server.AbstractHttpConnection.handleRequest(AbstractHttpConnection.java:485)
	at org.eclipse.jetty.server.AbstractHttpConnection.content(AbstractHttpConnection.java:937)
	at org.eclipse.jetty.server.AbstractHttpConnection$RequestHandler.content(AbstractHttpConnection.java:998)
	at org.eclipse.jetty.http.HttpParser.parseNext(HttpParser.java:856)
	at org.eclipse.jetty.http.HttpParser.parseAvailable(HttpParser.java:240)
	at org.eclipse.jetty.server.AsyncHttpConnection.handle(AsyncHttpConnection.java:82)
	at org.eclipse.jetty.io.nio.SelectChannelEndPoint.handle(SelectChannelEndPoint.java:627)
	at org.eclipse.jetty.io.nio.SelectChannelEndPoint$1.run(SelectChannelEndPoint.java:51)
	at org.eclipse.jetty.util.thread.QueuedThreadPool.runJob(QueuedThreadPool.java:608)
	at org.eclipse.jetty.util.thread.QueuedThreadPool$3.run(QueuedThreadPool.java:543)
	at java.lang.Thread.run(Thread.java:680)
Caused by: com.google.gson.stream.MalformedJsonException: Expected EOF at line 1 column 36016
	at com.google.gson.stream.JsonReader.syntaxError(JsonReader.java:1298)
	at com.google.gson.stream.JsonReader.peek(JsonReader.java:390)
	at com.google.gson.JsonParser.parse(JsonParser.java:60)
	... 24 more
26 Jul 2013 00:13:02,813 ERROR security.AuditInLogger - Exception in AuditModule
com.google.gson.JsonSyntaxException: com.google.gson.stream.MalformedJsonException: Expected EOF at line 1 column 36016
	at com.google.gson.JsonParser.parse(JsonParser.java:65)
	at edu.emory.cci.bindaas.security.impl.FileSystemAuditProvider.audit(FileSystemAuditProvider.java:64)
	at edu.emory.cci.bindaas.core.rest.security.AuditInLogger.handleMessage(AuditInLogger.java:141)
	at org.apache.cxf.phase.PhaseInterceptorChain.doIntercept(PhaseInterceptorChain.java:271)
	at org.apache.cxf.transport.ChainInitiationObserver.onMessage(ChainInitiationObserver.java:121)
	at org.apache.cxf.transport.http_jetty.JettyHTTPDestination.serviceRequest(JettyHTTPDestination.java:355)
	at org.apache.cxf.transport.http_jetty.JettyHTTPDestination.doService(JettyHTTPDestination.java:319)
	at org.apache.cxf.transport.http_jetty.JettyHTTPHandler.handle(JettyHTTPHandler.java:72)
	at org.eclipse.jetty.server.handler.ContextHandler.doHandle(ContextHandler.java:1074)
	at org.eclipse.jetty.server.handler.ContextHandler.doScope(ContextHandler.java:1010)
	at org.eclipse.jetty.server.handler.ScopedHandler.handle(ScopedHandler.java:135)
	at org.eclipse.jetty.server.handler.ContextHandlerCollection.handle(ContextHandlerCollection.java:255)
	at org.eclipse.jetty.server.handler.HandlerWrapper.handle(HandlerWrapper.java:116)
	at org.eclipse.jetty.server.Server.handle(Server.java:365)
	at org.eclipse.jetty.server.AbstractHttpConnection.handleRequest(AbstractHttpConnection.java:485)
	at org.eclipse.jetty.server.AbstractHttpConnection.content(AbstractHttpConnection.java:937)
	at org.eclipse.jetty.server.AbstractHttpConnection$RequestHandler.content(AbstractHttpConnection.java:998)
	at org.eclipse.jetty.http.HttpParser.parseNext(HttpParser.java:856)
	at org.eclipse.jetty.http.HttpParser.parseAvailable(HttpParser.java:240)
	at org.eclipse.jetty.server.AsyncHttpConnection.handle(AsyncHttpConnection.java:82)
	at org.eclipse.jetty.io.nio.SelectChannelEndPoint.handle(SelectChannelEndPoint.java:627)
	at org.eclipse.jetty.io.nio.SelectChannelEndPoint$1.run(SelectChannelEndPoint.java:51)
	at org.eclipse.jetty.util.thread.QueuedThreadPool.runJob(QueuedThreadPool.java:608)
	at org.eclipse.jetty.util.thread.QueuedThreadPool$3.run(QueuedThreadPool.java:543)
	at java.lang.Thread.run(Thread.java:680)
Caused by: com.google.gson.stream.MalformedJsonException: Expected EOF at line 1 column 36016
	at com.google.gson.stream.JsonReader.syntaxError(JsonReader.java:1298)
	at com.google.gson.stream.JsonReader.peek(JsonReader.java:390)
	at com.google.gson.JsonParser.parse(JsonParser.java:60)
	... 24 more
26 Jul 2013 00:13:02,817 ERROR security.AuditInLogger - Exception in AuditModule
com.google.gson.JsonSyntaxException: com.google.gson.stream.MalformedJsonException: Expected EOF at line 1 column 36016
	at com.google.gson.JsonParser.parse(JsonParser.java:65)
	at edu.emory.cci.bindaas.security.impl.FileSystemAuditProvider.audit(FileSystemAuditProvider.java:64)
	at edu.emory.cci.bindaas.core.rest.security.AuditInLogger.handleMessage(AuditInLogger.java:141)
	at org.apache.cxf.phase.PhaseInterceptorChain.doIntercept(PhaseInterceptorChain.java:271)
	at org.apache.cxf.transport.ChainInitiationObserver.onMessage(ChainInitiationObserver.java:121)
	at org.apache.cxf.transport.http_jetty.JettyHTTPDestination.serviceRequest(JettyHTTPDestination.java:355)
	at org.apache.cxf.transport.http_jetty.JettyHTTPDestination.doService(JettyHTTPDestination.java:319)
	at org.apache.cxf.transport.http_jetty.JettyHTTPHandler.handle(JettyHTTPHandler.java:72)
	at org.eclipse.jetty.server.handler.ContextHandler.doHandle(ContextHandler.java:1074)
	at org.eclipse.jetty.server.handler.ContextHandler.doScope(ContextHandler.java:1010)
	at org.eclipse.jetty.server.handler.ScopedHandler.handle(ScopedHandler.java:135)
	at org.eclipse.jetty.server.handler.ContextHandlerCollection.handle(ContextHandlerCollection.java:255)
	at org.eclipse.jetty.server.handler.HandlerWrapper.handle(HandlerWrapper.java:116)
	at org.eclipse.jetty.server.Server.handle(Server.java:365)
	at org.eclipse.jetty.server.AbstractHttpConnection.handleRequest(AbstractHttpConnection.java:485)
	at org.eclipse.jetty.server.AbstractHttpConnection.content(AbstractHttpConnection.java:937)
	at org.eclipse.jetty.server.AbstractHttpConnection$RequestHandler.content(AbstractHttpConnection.java:998)
	at org.eclipse.jetty.http.HttpParser.parseNext(HttpParser.java:856)
	at org.eclipse.jetty.http.HttpParser.parseAvailable(HttpParser.java:240)
	at org.eclipse.jetty.server.AsyncHttpConnection.handle(AsyncHttpConnection.java:82)
	at org.eclipse.jetty.io.nio.SelectChannelEndPoint.handle(SelectChannelEndPoint.java:627)
	at org.eclipse.jetty.io.nio.SelectChannelEndPoint$1.run(SelectChannelEndPoint.java:51)
	at org.eclipse.jetty.util.thread.QueuedThreadPool.runJob(QueuedThreadPool.java:608)
	at org.eclipse.jetty.util.thread.QueuedThreadPool$3.run(QueuedThreadPool.java:543)
	at java.lang.Thread.run(Thread.java:680)
Caused by: com.google.gson.stream.MalformedJsonException: Expected EOF at line 1 column 36016
	at com.google.gson.stream.JsonReader.syntaxError(JsonReader.java:1298)
	at com.google.gson.stream.JsonReader.peek(JsonReader.java:390)
	at com.google.gson.JsonParser.parse(JsonParser.java:60)
	... 24 more
26 Jul 2013 00:13:02,817 ERROR security.AuditInLogger - Exception in AuditModule
com.google.gson.JsonSyntaxException: com.google.gson.stream.MalformedJsonException: Expected EOF at line 1 column 36016
	at com.google.gson.JsonParser.parse(JsonParser.java:65)
	at edu.emory.cci.bindaas.security.impl.FileSystemAuditProvider.audit(FileSystemAuditProvider.java:64)
	at edu.emory.cci.bindaas.core.rest.security.AuditInLogger.handleMessage(AuditInLogger.java:141)
	at org.apache.cxf.phase.PhaseInterceptorChain.doIntercept(PhaseInterceptorChain.java:271)
	at org.apache.cxf.transport.ChainInitiationObserver.onMessage(ChainInitiationObserver.java:121)
	at org.apache.cxf.transport.http_jetty.JettyHTTPDestination.serviceRequest(JettyHTTPDestination.java:355)
	at org.apache.cxf.transport.http_jetty.JettyHTTPDestination.doService(JettyHTTPDestination.java:319)
	at org.apache.cxf.transport.http_jetty.JettyHTTPHandler.handle(JettyHTTPHandler.java:72)
	at org.eclipse.jetty.server.handler.ContextHandler.doHandle(ContextHandler.java:1074)
	at org.eclipse.jetty.server.handler.ContextHandler.doScope(ContextHandler.java:1010)
	at org.eclipse.jetty.server.handler.ScopedHandler.handle(ScopedHandler.java:135)
	at org.eclipse.jetty.server.handler.ContextHandlerCollection.handle(ContextHandlerCollection.java:255)
	at org.eclipse.jetty.server.handler.HandlerWrapper.handle(HandlerWrapper.java:116)
	at org.eclipse.jetty.server.Server.handle(Server.java:365)
	at org.eclipse.jetty.server.AbstractHttpConnection.handleRequest(AbstractHttpConnection.java:485)
	at org.eclipse.jetty.server.AbstractHttpConnection.content(AbstractHttpConnection.java:937)
	at org.eclipse.jetty.server.AbstractHttpConnection$RequestHandler.content(AbstractHttpConnection.java:998)
	at org.eclipse.jetty.http.HttpParser.parseNext(HttpParser.java:856)
	at org.eclipse.jetty.http.HttpParser.parseAvailable(HttpParser.java:240)
	at org.eclipse.jetty.server.AsyncHttpConnection.handle(AsyncHttpConnection.java:82)
	at org.eclipse.jetty.io.nio.SelectChannelEndPoint.handle(SelectChannelEndPoint.java:627)
	at org.eclipse.jetty.io.nio.SelectChannelEndPoint$1.run(SelectChannelEndPoint.java:51)
	at org.eclipse.jetty.util.thread.QueuedThreadPool.runJob(QueuedThreadPool.java:608)
	at org.eclipse.jetty.util.thread.QueuedThreadPool$3.run(QueuedThreadPool.java:543)
	at java.lang.Thread.run(Thread.java:680)
Caused by: com.google.gson.stream.MalformedJsonException: Expected EOF at line 1 column 36016
	at com.google.gson.stream.JsonReader.syntaxError(JsonReader.java:1298)
	at com.google.gson.stream.JsonReader.peek(JsonReader.java:390)
	at com.google.gson.JsonParser.parse(JsonParser.java:60)
	... 24 more
26 Jul 2013 00:20:35,447 ERROR security.AuditInLogger - Exception in AuditModule
com.google.gson.JsonSyntaxException: com.google.gson.stream.MalformedJsonException: Expected EOF at line 1 column 36016
	at com.google.gson.JsonParser.parse(JsonParser.java:65)
	at edu.emory.cci.bindaas.security.impl.FileSystemAuditProvider.audit(FileSystemAuditProvider.java:64)
	at edu.emory.cci.bindaas.core.rest.security.AuditInLogger.handleMessage(AuditInLogger.java:141)
	at org.apache.cxf.phase.PhaseInterceptorChain.doIntercept(PhaseInterceptorChain.java:271)
	at org.apache.cxf.transport.ChainInitiationObserver.onMessage(ChainInitiationObserver.java:121)
	at org.apache.cxf.transport.http_jetty.JettyHTTPDestination.serviceRequest(JettyHTTPDestination.java:355)
	at org.apache.cxf.transport.http_jetty.JettyHTTPDestination.doService(JettyHTTPDestination.java:319)
	at org.apache.cxf.transport.http_jetty.JettyHTTPHandler.handle(JettyHTTPHandler.java:72)
	at org.eclipse.jetty.server.handler.ContextHandler.doHandle(ContextHandler.java:1074)
	at org.eclipse.jetty.server.handler.ContextHandler.doScope(ContextHandler.java:1010)
	at org.eclipse.jetty.server.handler.ScopedHandler.handle(ScopedHandler.java:135)
	at org.eclipse.jetty.server.handler.ContextHandlerCollection.handle(ContextHandlerCollection.java:255)
	at org.eclipse.jetty.server.handler.HandlerWrapper.handle(HandlerWrapper.java:116)
	at org.eclipse.jetty.server.Server.handle(Server.java:365)
	at org.eclipse.jetty.server.AbstractHttpConnection.handleRequest(AbstractHttpConnection.java:485)
	at org.eclipse.jetty.server.AbstractHttpConnection.content(AbstractHttpConnection.java:937)
	at org.eclipse.jetty.server.AbstractHttpConnection$RequestHandler.content(AbstractHttpConnection.java:998)
	at org.eclipse.jetty.http.HttpParser.parseNext(HttpParser.java:856)
	at org.eclipse.jetty.http.HttpParser.parseAvailable(HttpParser.java:240)
	at org.eclipse.jetty.server.AsyncHttpConnection.handle(AsyncHttpConnection.java:82)
	at org.eclipse.jetty.io.nio.SelectChannelEndPoint.handle(SelectChannelEndPoint.java:627)
	at org.eclipse.jetty.io.nio.SelectChannelEndPoint$1.run(SelectChannelEndPoint.java:51)
	at org.eclipse.jetty.util.thread.QueuedThreadPool.runJob(QueuedThreadPool.java:608)
	at org.eclipse.jetty.util.thread.QueuedThreadPool$3.run(QueuedThreadPool.java:543)
	at java.lang.Thread.run(Thread.java:680)
Caused by: com.google.gson.stream.MalformedJsonException: Expected EOF at line 1 column 36016
	at com.google.gson.stream.JsonReader.syntaxError(JsonReader.java:1298)
	at com.google.gson.stream.JsonReader.peek(JsonReader.java:390)
	at com.google.gson.JsonParser.parse(JsonParser.java:60)
	... 24 more
26 Jul 2013 00:20:35,447 ERROR security.AuditInLogger - Exception in AuditModule
com.google.gson.JsonSyntaxException: com.google.gson.stream.MalformedJsonException: Expected EOF at line 1 column 36016
	at com.google.gson.JsonParser.parse(JsonParser.java:65)
	at edu.emory.cci.bindaas.security.impl.FileSystemAuditProvider.audit(FileSystemAuditProvider.java:64)
	at edu.emory.cci.bindaas.core.rest.security.AuditInLogger.handleMessage(AuditInLogger.java:141)
	at org.apache.cxf.phase.PhaseInterceptorChain.doIntercept(PhaseInterceptorChain.java:271)
	at org.apache.cxf.transport.ChainInitiationObserver.onMessage(ChainInitiationObserver.java:121)
	at org.apache.cxf.transport.http_jetty.JettyHTTPDestination.serviceRequest(JettyHTTPDestination.java:355)
	at org.apache.cxf.transport.http_jetty.JettyHTTPDestination.doService(JettyHTTPDestination.java:319)
	at org.apache.cxf.transport.http_jetty.JettyHTTPHandler.handle(JettyHTTPHandler.java:72)
	at org.eclipse.jetty.server.handler.ContextHandler.doHandle(ContextHandler.java:1074)
	at org.eclipse.jetty.server.handler.ContextHandler.doScope(ContextHandler.java:1010)
	at org.eclipse.jetty.server.handler.ScopedHandler.handle(ScopedHandler.java:135)
	at org.eclipse.jetty.server.handler.ContextHandlerCollection.handle(ContextHandlerCollection.java:255)
	at org.eclipse.jetty.server.handler.HandlerWrapper.handle(HandlerWrapper.java:116)
	at org.eclipse.jetty.server.Server.handle(Server.java:365)
	at org.eclipse.jetty.server.AbstractHttpConnection.handleRequest(AbstractHttpConnection.java:485)
	at org.eclipse.jetty.server.AbstractHttpConnection.content(AbstractHttpConnection.java:937)
	at org.eclipse.jetty.server.AbstractHttpConnection$RequestHandler.content(AbstractHttpConnection.java:998)
	at org.eclipse.jetty.http.HttpParser.parseNext(HttpParser.java:856)
	at org.eclipse.jetty.http.HttpParser.parseAvailable(HttpParser.java:240)
	at org.eclipse.jetty.server.AsyncHttpConnection.handle(AsyncHttpConnection.java:82)
	at org.eclipse.jetty.io.nio.SelectChannelEndPoint.handle(SelectChannelEndPoint.java:627)
	at org.eclipse.jetty.io.nio.SelectChannelEndPoint$1.run(SelectChannelEndPoint.java:51)
	at org.eclipse.jetty.util.thread.QueuedThreadPool.runJob(QueuedThreadPool.java:608)
	at org.eclipse.jetty.util.thread.QueuedThreadPool$3.run(QueuedThreadPool.java:543)
	at java.lang.Thread.run(Thread.java:680)
Caused by: com.google.gson.stream.MalformedJsonException: Expected EOF at line 1 column 36016
	at com.google.gson.stream.JsonReader.syntaxError(JsonReader.java:1298)
	at com.google.gson.stream.JsonReader.peek(JsonReader.java:390)
	at com.google.gson.JsonParser.parse(JsonParser.java:60)
	... 24 more
26 Jul 2013 00:20:35,454 ERROR security.AuditInLogger - Exception in AuditModule
com.google.gson.JsonSyntaxException: com.google.gson.stream.MalformedJsonException: Expected EOF at line 1 column 36016
	at com.google.gson.JsonParser.parse(JsonParser.java:65)
	at edu.emory.cci.bindaas.security.impl.FileSystemAuditProvider.audit(FileSystemAuditProvider.java:64)
	at edu.emory.cci.bindaas.core.rest.security.AuditInLogger.handleMessage(AuditInLogger.java:141)
	at org.apache.cxf.phase.PhaseInterceptorChain.doIntercept(PhaseInterceptorChain.java:271)
	at org.apache.cxf.transport.ChainInitiationObserver.onMessage(ChainInitiationObserver.java:121)
	at org.apache.cxf.transport.http_jetty.JettyHTTPDestination.serviceRequest(JettyHTTPDestination.java:355)
	at org.apache.cxf.transport.http_jetty.JettyHTTPDestination.doService(JettyHTTPDestination.java:319)
	at org.apache.cxf.transport.http_jetty.JettyHTTPHandler.handle(JettyHTTPHandler.java:72)
	at org.eclipse.jetty.server.handler.ContextHandler.doHandle(ContextHandler.java:1074)
	at org.eclipse.jetty.server.handler.ContextHandler.doScope(ContextHandler.java:1010)
	at org.eclipse.jetty.server.handler.ScopedHandler.handle(ScopedHandler.java:135)
	at org.eclipse.jetty.server.handler.ContextHandlerCollection.handle(ContextHandlerCollection.java:255)
	at org.eclipse.jetty.server.handler.HandlerWrapper.handle(HandlerWrapper.java:116)
	at org.eclipse.jetty.server.Server.handle(Server.java:365)
	at org.eclipse.jetty.server.AbstractHttpConnection.handleRequest(AbstractHttpConnection.java:485)
	at org.eclipse.jetty.server.AbstractHttpConnection.content(AbstractHttpConnection.java:937)
	at org.eclipse.jetty.server.AbstractHttpConnection$RequestHandler.content(AbstractHttpConnection.java:998)
	at org.eclipse.jetty.http.HttpParser.parseNext(HttpParser.java:856)
	at org.eclipse.jetty.http.HttpParser.parseAvailable(HttpParser.java:240)
	at org.eclipse.jetty.server.AsyncHttpConnection.handle(AsyncHttpConnection.java:82)
	at org.eclipse.jetty.io.nio.SelectChannelEndPoint.handle(SelectChannelEndPoint.java:627)
	at org.eclipse.jetty.io.nio.SelectChannelEndPoint$1.run(SelectChannelEndPoint.java:51)
	at org.eclipse.jetty.util.thread.QueuedThreadPool.runJob(QueuedThreadPool.java:608)
	at org.eclipse.jetty.util.thread.QueuedThreadPool$3.run(QueuedThreadPool.java:543)
	at java.lang.Thread.run(Thread.java:680)
Caused by: com.google.gson.stream.MalformedJsonException: Expected EOF at line 1 column 36016
	at com.google.gson.stream.JsonReader.syntaxError(JsonReader.java:1298)
	at com.google.gson.stream.JsonReader.peek(JsonReader.java:390)
	at com.google.gson.JsonParser.parse(JsonParser.java:60)
	... 24 more
26 Jul 2013 00:20:35,457 ERROR security.AuditInLogger - Exception in AuditModule
com.google.gson.JsonSyntaxException: com.google.gson.stream.MalformedJsonException: Expected EOF at line 1 column 36016
	at com.google.gson.JsonParser.parse(JsonParser.java:65)
	at edu.emory.cci.bindaas.security.impl.FileSystemAuditProvider.audit(FileSystemAuditProvider.java:64)
	at edu.emory.cci.bindaas.core.rest.security.AuditInLogger.handleMessage(AuditInLogger.java:141)
	at org.apache.cxf.phase.PhaseInterceptorChain.doIntercept(PhaseInterceptorChain.java:271)
	at org.apache.cxf.transport.ChainInitiationObserver.onMessage(ChainInitiationObserver.java:121)
	at org.apache.cxf.transport.http_jetty.JettyHTTPDestination.serviceRequest(JettyHTTPDestination.java:355)
	at org.apache.cxf.transport.http_jetty.JettyHTTPDestination.doService(JettyHTTPDestination.java:319)
	at org.apache.cxf.transport.http_jetty.JettyHTTPHandler.handle(JettyHTTPHandler.java:72)
	at org.eclipse.jetty.server.handler.ContextHandler.doHandle(ContextHandler.java:1074)
	at org.eclipse.jetty.server.handler.ContextHandler.doScope(ContextHandler.java:1010)
	at org.eclipse.jetty.server.handler.ScopedHandler.handle(ScopedHandler.java:135)
	at org.eclipse.jetty.server.handler.ContextHandlerCollection.handle(ContextHandlerCollection.java:255)
	at org.eclipse.jetty.server.handler.HandlerWrapper.handle(HandlerWrapper.java:116)
	at org.eclipse.jetty.server.Server.handle(Server.java:365)
	at org.eclipse.jetty.server.AbstractHttpConnection.handleRequest(AbstractHttpConnection.java:485)
	at org.eclipse.jetty.server.AbstractHttpConnection.content(AbstractHttpConnection.java:937)
	at org.eclipse.jetty.server.AbstractHttpConnection$RequestHandler.content(AbstractHttpConnection.java:998)
	at org.eclipse.jetty.http.HttpParser.parseNext(HttpParser.java:856)
	at org.eclipse.jetty.http.HttpParser.parseAvailable(HttpParser.java:240)
	at org.eclipse.jetty.server.AsyncHttpConnection.handle(AsyncHttpConnection.java:82)
	at org.eclipse.jetty.io.nio.SelectChannelEndPoint.handle(SelectChannelEndPoint.java:627)
	at org.eclipse.jetty.io.nio.SelectChannelEndPoint$1.run(SelectChannelEndPoint.java:51)
	at org.eclipse.jetty.util.thread.QueuedThreadPool.runJob(QueuedThreadPool.java:608)
	at org.eclipse.jetty.util.thread.QueuedThreadPool$3.run(QueuedThreadPool.java:543)
	at java.lang.Thread.run(Thread.java:680)
Caused by: com.google.gson.stream.MalformedJsonException: Expected EOF at line 1 column 36016
	at com.google.gson.stream.JsonReader.syntaxError(JsonReader.java:1298)
	at com.google.gson.stream.JsonReader.peek(JsonReader.java:390)
	at com.google.gson.JsonParser.parse(JsonParser.java:60)
	... 24 more
26 Jul 2013 00:20:35,454 ERROR security.AuditInLogger - Exception in AuditModule
com.google.gson.JsonSyntaxException: com.google.gson.stream.MalformedJsonException: Expected EOF at line 1 column 36016
	at com.google.gson.JsonParser.parse(JsonParser.java:65)
	at edu.emory.cci.bindaas.security.impl.FileSystemAuditProvider.audit(FileSystemAuditProvider.java:64)
	at edu.emory.cci.bindaas.core.rest.security.AuditInLogger.handleMessage(AuditInLogger.java:141)
	at org.apache.cxf.phase.PhaseInterceptorChain.doIntercept(PhaseInterceptorChain.java:271)
	at org.apache.cxf.transport.ChainInitiationObserver.onMessage(ChainInitiationObserver.java:121)
	at org.apache.cxf.transport.http_jetty.JettyHTTPDestination.serviceRequest(JettyHTTPDestination.java:355)
	at org.apache.cxf.transport.http_jetty.JettyHTTPDestination.doService(JettyHTTPDestination.java:319)
	at org.apache.cxf.transport.http_jetty.JettyHTTPHandler.handle(JettyHTTPHandler.java:72)
	at org.eclipse.jetty.server.handler.ContextHandler.doHandle(ContextHandler.java:1074)
	at org.eclipse.jetty.server.handler.ContextHandler.doScope(ContextHandler.java:1010)
	at org.eclipse.jetty.server.handler.ScopedHandler.handle(ScopedHandler.java:135)
	at org.eclipse.jetty.server.handler.ContextHandlerCollection.handle(ContextHandlerCollection.java:255)
	at org.eclipse.jetty.server.handler.HandlerWrapper.handle(HandlerWrapper.java:116)
	at org.eclipse.jetty.server.Server.handle(Server.java:365)
	at org.eclipse.jetty.server.AbstractHttpConnection.handleRequest(AbstractHttpConnection.java:485)
	at org.eclipse.jetty.server.AbstractHttpConnection.content(AbstractHttpConnection.java:937)
	at org.eclipse.jetty.server.AbstractHttpConnection$RequestHandler.content(AbstractHttpConnection.java:998)
	at org.eclipse.jetty.http.HttpParser.parseNext(HttpParser.java:856)
	at org.eclipse.jetty.http.HttpParser.parseAvailable(HttpParser.java:240)
	at org.eclipse.jetty.server.AsyncHttpConnection.handle(AsyncHttpConnection.java:82)
	at org.eclipse.jetty.io.nio.SelectChannelEndPoint.handle(SelectChannelEndPoint.java:627)
	at org.eclipse.jetty.io.nio.SelectChannelEndPoint$1.run(SelectChannelEndPoint.java:51)
	at org.eclipse.jetty.util.thread.QueuedThreadPool.runJob(QueuedThreadPool.java:608)
	at org.eclipse.jetty.util.thread.QueuedThreadPool$3.run(QueuedThreadPool.java:543)
	at java.lang.Thread.run(Thread.java:680)
Caused by: com.google.gson.stream.MalformedJsonException: Expected EOF at line 1 column 36016
	at com.google.gson.stream.JsonReader.syntaxError(JsonReader.java:1298)
	at com.google.gson.stream.JsonReader.peek(JsonReader.java:390)
	at com.google.gson.JsonParser.parse(JsonParser.java:60)
	... 24 more
26 Jul 2013 00:20:35,937 ERROR security.AuditInLogger - Exception in AuditModule
com.google.gson.JsonSyntaxException: com.google.gson.stream.MalformedJsonException: Expected EOF at line 1 column 36016
	at com.google.gson.JsonParser.parse(JsonParser.java:65)
	at edu.emory.cci.bindaas.security.impl.FileSystemAuditProvider.audit(FileSystemAuditProvider.java:64)
	at edu.emory.cci.bindaas.core.rest.security.AuditInLogger.handleMessage(AuditInLogger.java:141)
	at org.apache.cxf.phase.PhaseInterceptorChain.doIntercept(PhaseInterceptorChain.java:271)
	at org.apache.cxf.transport.ChainInitiationObserver.onMessage(ChainInitiationObserver.java:121)
	at org.apache.cxf.transport.http_jetty.JettyHTTPDestination.serviceRequest(JettyHTTPDestination.java:355)
	at org.apache.cxf.transport.http_jetty.JettyHTTPDestination.doService(JettyHTTPDestination.java:319)
	at org.apache.cxf.transport.http_jetty.JettyHTTPHandler.handle(JettyHTTPHandler.java:72)
	at org.eclipse.jetty.server.handler.ContextHandler.doHandle(ContextHandler.java:1074)
	at org.eclipse.jetty.server.handler.ContextHandler.doScope(ContextHandler.java:1010)
	at org.eclipse.jetty.server.handler.ScopedHandler.handle(ScopedHandler.java:135)
	at org.eclipse.jetty.server.handler.ContextHandlerCollection.handle(ContextHandlerCollection.java:255)
	at org.eclipse.jetty.server.handler.HandlerWrapper.handle(HandlerWrapper.java:116)
	at org.eclipse.jetty.server.Server.handle(Server.java:365)
	at org.eclipse.jetty.server.AbstractHttpConnection.handleRequest(AbstractHttpConnection.java:485)
	at org.eclipse.jetty.server.AbstractHttpConnection.content(AbstractHttpConnection.java:937)
	at org.eclipse.jetty.server.AbstractHttpConnection$RequestHandler.content(AbstractHttpConnection.java:998)
	at org.eclipse.jetty.http.HttpParser.parseNext(HttpParser.java:856)
	at org.eclipse.jetty.http.HttpParser.parseAvailable(HttpParser.java:240)
	at org.eclipse.jetty.server.AsyncHttpConnection.handle(AsyncHttpConnection.java:82)
	at org.eclipse.jetty.io.nio.SelectChannelEndPoint.handle(SelectChannelEndPoint.java:627)
	at org.eclipse.jetty.io.nio.SelectChannelEndPoint$1.run(SelectChannelEndPoint.java:51)
	at org.eclipse.jetty.util.thread.QueuedThreadPool.runJob(QueuedThreadPool.java:608)
	at org.eclipse.jetty.util.thread.QueuedThreadPool$3.run(QueuedThreadPool.java:543)
	at java.lang.Thread.run(Thread.java:680)
Caused by: com.google.gson.stream.MalformedJsonException: Expected EOF at line 1 column 36016
	at com.google.gson.stream.JsonReader.syntaxError(JsonReader.java:1298)
	at com.google.gson.stream.JsonReader.peek(JsonReader.java:390)
	at com.google.gson.JsonParser.parse(JsonParser.java:60)
	... 24 more
26 Jul 2013 00:20:35,940 ERROR security.AuditInLogger - Exception in AuditModule
com.google.gson.JsonSyntaxException: com.google.gson.stream.MalformedJsonException: Expected EOF at line 1 column 36016
	at com.google.gson.JsonParser.parse(JsonParser.java:65)
	at edu.emory.cci.bindaas.security.impl.FileSystemAuditProvider.audit(FileSystemAuditProvider.java:64)
	at edu.emory.cci.bindaas.core.rest.security.AuditInLogger.handleMessage(AuditInLogger.java:141)
	at org.apache.cxf.phase.PhaseInterceptorChain.doIntercept(PhaseInterceptorChain.java:271)
	at org.apache.cxf.transport.ChainInitiationObserver.onMessage(ChainInitiationObserver.java:121)
	at org.apache.cxf.transport.http_jetty.JettyHTTPDestination.serviceRequest(JettyHTTPDestination.java:355)
	at org.apache.cxf.transport.http_jetty.JettyHTTPDestination.doService(JettyHTTPDestination.java:319)
	at org.apache.cxf.transport.http_jetty.JettyHTTPHandler.handle(JettyHTTPHandler.java:72)
	at org.eclipse.jetty.server.handler.ContextHandler.doHandle(ContextHandler.java:1074)
	at org.eclipse.jetty.server.handler.ContextHandler.doScope(ContextHandler.java:1010)
	at org.eclipse.jetty.server.handler.ScopedHandler.handle(ScopedHandler.java:135)
	at org.eclipse.jetty.server.handler.ContextHandlerCollection.handle(ContextHandlerCollection.java:255)
	at org.eclipse.jetty.server.handler.HandlerWrapper.handle(HandlerWrapper.java:116)
	at org.eclipse.jetty.server.Server.handle(Server.java:365)
	at org.eclipse.jetty.server.AbstractHttpConnection.handleRequest(AbstractHttpConnection.java:485)
	at org.eclipse.jetty.server.AbstractHttpConnection.content(AbstractHttpConnection.java:937)
	at org.eclipse.jetty.server.AbstractHttpConnection$RequestHandler.content(AbstractHttpConnection.java:998)
	at org.eclipse.jetty.http.HttpParser.parseNext(HttpParser.java:856)
	at org.eclipse.jetty.http.HttpParser.parseAvailable(HttpParser.java:240)
	at org.eclipse.jetty.server.AsyncHttpConnection.handle(AsyncHttpConnection.java:82)
	at org.eclipse.jetty.io.nio.SelectChannelEndPoint.handle(SelectChannelEndPoint.java:627)
	at org.eclipse.jetty.io.nio.SelectChannelEndPoint$1.run(SelectChannelEndPoint.java:51)
	at org.eclipse.jetty.util.thread.QueuedThreadPool.runJob(QueuedThreadPool.java:608)
	at org.eclipse.jetty.util.thread.QueuedThreadPool$3.run(QueuedThreadPool.java:543)
	at java.lang.Thread.run(Thread.java:680)
Caused by: com.google.gson.stream.MalformedJsonException: Expected EOF at line 1 column 36016
	at com.google.gson.stream.JsonReader.syntaxError(JsonReader.java:1298)
	at com.google.gson.stream.JsonReader.peek(JsonReader.java:390)
	at com.google.gson.JsonParser.parse(JsonParser.java:60)
	... 24 more
26 Jul 2013 00:20:35,945 ERROR security.AuditInLogger - Exception in AuditModule
com.google.gson.JsonSyntaxException: com.google.gson.stream.MalformedJsonException: Expected EOF at line 1 column 36016
	at com.google.gson.JsonParser.parse(JsonParser.java:65)
	at edu.emory.cci.bindaas.security.impl.FileSystemAuditProvider.audit(FileSystemAuditProvider.java:64)
	at edu.emory.cci.bindaas.core.rest.security.AuditInLogger.handleMessage(AuditInLogger.java:141)
	at org.apache.cxf.phase.PhaseInterceptorChain.doIntercept(PhaseInterceptorChain.java:271)
	at org.apache.cxf.transport.ChainInitiationObserver.onMessage(ChainInitiationObserver.java:121)
	at org.apache.cxf.transport.http_jetty.JettyHTTPDestination.serviceRequest(JettyHTTPDestination.java:355)
	at org.apache.cxf.transport.http_jetty.JettyHTTPDestination.doService(JettyHTTPDestination.java:319)
	at org.apache.cxf.transport.http_jetty.JettyHTTPHandler.handle(JettyHTTPHandler.java:72)
	at org.eclipse.jetty.server.handler.ContextHandler.doHandle(ContextHandler.java:1074)
	at org.eclipse.jetty.server.handler.ContextHandler.doScope(ContextHandler.java:1010)
	at org.eclipse.jetty.server.handler.ScopedHandler.handle(ScopedHandler.java:135)
	at org.eclipse.jetty.server.handler.ContextHandlerCollection.handle(ContextHandlerCollection.java:255)
	at org.eclipse.jetty.server.handler.HandlerWrapper.handle(HandlerWrapper.java:116)
	at org.eclipse.jetty.server.Server.handle(Server.java:365)
	at org.eclipse.jetty.server.AbstractHttpConnection.handleRequest(AbstractHttpConnection.java:485)
	at org.eclipse.jetty.server.AbstractHttpConnection.content(AbstractHttpConnection.java:937)
	at org.eclipse.jetty.server.AbstractHttpConnection$RequestHandler.content(AbstractHttpConnection.java:998)
	at org.eclipse.jetty.http.HttpParser.parseNext(HttpParser.java:856)
	at org.eclipse.jetty.http.HttpParser.parseAvailable(HttpParser.java:240)
	at org.eclipse.jetty.server.AsyncHttpConnection.handle(AsyncHttpConnection.java:82)
	at org.eclipse.jetty.io.nio.SelectChannelEndPoint.handle(SelectChannelEndPoint.java:627)
	at org.eclipse.jetty.io.nio.SelectChannelEndPoint$1.run(SelectChannelEndPoint.java:51)
	at org.eclipse.jetty.util.thread.QueuedThreadPool.runJob(QueuedThreadPool.java:608)
	at org.eclipse.jetty.util.thread.QueuedThreadPool$3.run(QueuedThreadPool.java:543)
	at java.lang.Thread.run(Thread.java:680)
Caused by: com.google.gson.stream.MalformedJsonException: Expected EOF at line 1 column 36016
	at com.google.gson.stream.JsonReader.syntaxError(JsonReader.java:1298)
	at com.google.gson.stream.JsonReader.peek(JsonReader.java:390)
	at com.google.gson.JsonParser.parse(JsonParser.java:60)
	... 24 more
26 Jul 2013 00:20:35,951 ERROR security.AuditInLogger - Exception in AuditModule
com.google.gson.JsonSyntaxException: com.google.gson.stream.MalformedJsonException: Expected EOF at line 1 column 36016
	at com.google.gson.JsonParser.parse(JsonParser.java:65)
	at edu.emory.cci.bindaas.security.impl.FileSystemAuditProvider.audit(FileSystemAuditProvider.java:64)
	at edu.emory.cci.bindaas.core.rest.security.AuditInLogger.handleMessage(AuditInLogger.java:141)
	at org.apache.cxf.phase.PhaseInterceptorChain.doIntercept(PhaseInterceptorChain.java:271)
	at org.apache.cxf.transport.ChainInitiationObserver.onMessage(ChainInitiationObserver.java:121)
	at org.apache.cxf.transport.http_jetty.JettyHTTPDestination.serviceRequest(JettyHTTPDestination.java:355)
	at org.apache.cxf.transport.http_jetty.JettyHTTPDestination.doService(JettyHTTPDestination.java:319)
	at org.apache.cxf.transport.http_jetty.JettyHTTPHandler.handle(JettyHTTPHandler.java:72)
	at org.eclipse.jetty.server.handler.ContextHandler.doHandle(ContextHandler.java:1074)
	at org.eclipse.jetty.server.handler.ContextHandler.doScope(ContextHandler.java:1010)
	at org.eclipse.jetty.server.handler.ScopedHandler.handle(ScopedHandler.java:135)
	at org.eclipse.jetty.server.handler.ContextHandlerCollection.handle(ContextHandlerCollection.java:255)
	at org.eclipse.jetty.server.handler.HandlerWrapper.handle(HandlerWrapper.java:116)
	at org.eclipse.jetty.server.Server.handle(Server.java:365)
	at org.eclipse.jetty.server.AbstractHttpConnection.handleRequest(AbstractHttpConnection.java:485)
	at org.eclipse.jetty.server.AbstractHttpConnection.content(AbstractHttpConnection.java:937)
	at org.eclipse.jetty.server.AbstractHttpConnection$RequestHandler.content(AbstractHttpConnection.java:998)
	at org.eclipse.jetty.http.HttpParser.parseNext(HttpParser.java:856)
	at org.eclipse.jetty.http.HttpParser.parseAvailable(HttpParser.java:240)
	at org.eclipse.jetty.server.AsyncHttpConnection.handle(AsyncHttpConnection.java:82)
	at org.eclipse.jetty.io.nio.SelectChannelEndPoint.handle(SelectChannelEndPoint.java:627)
	at org.eclipse.jetty.io.nio.SelectChannelEndPoint$1.run(SelectChannelEndPoint.java:51)
	at org.eclipse.jetty.util.thread.QueuedThreadPool.runJob(QueuedThreadPool.java:608)
	at org.eclipse.jetty.util.thread.QueuedThreadPool$3.run(QueuedThreadPool.java:543)
	at java.lang.Thread.run(Thread.java:680)
Caused by: com.google.gson.stream.MalformedJsonException: Expected EOF at line 1 column 36016
	at com.google.gson.stream.JsonReader.syntaxError(JsonReader.java:1298)
	at com.google.gson.stream.JsonReader.peek(JsonReader.java:390)
	at com.google.gson.JsonParser.parse(JsonParser.java:60)
	... 24 more
26 Jul 2013 00:20:35,951 ERROR security.AuditInLogger - Exception in AuditModule
com.google.gson.JsonSyntaxException: com.google.gson.stream.MalformedJsonException: Expected EOF at line 1 column 36016
	at com.google.gson.JsonParser.parse(JsonParser.java:65)
	at edu.emory.cci.bindaas.security.impl.FileSystemAuditProvider.audit(FileSystemAuditProvider.java:64)
	at edu.emory.cci.bindaas.core.rest.security.AuditInLogger.handleMessage(AuditInLogger.java:141)
	at org.apache.cxf.phase.PhaseInterceptorChain.doIntercept(PhaseInterceptorChain.java:271)
	at org.apache.cxf.transport.ChainInitiationObserver.onMessage(ChainInitiationObserver.java:121)
	at org.apache.cxf.transport.http_jetty.JettyHTTPDestination.serviceRequest(JettyHTTPDestination.java:355)
	at org.apache.cxf.transport.http_jetty.JettyHTTPDestination.doService(JettyHTTPDestination.java:319)
	at org.apache.cxf.transport.http_jetty.JettyHTTPHandler.handle(JettyHTTPHandler.java:72)
	at org.eclipse.jetty.server.handler.ContextHandler.doHandle(ContextHandler.java:1074)
	at org.eclipse.jetty.server.handler.ContextHandler.doScope(ContextHandler.java:1010)
	at org.eclipse.jetty.server.handler.ScopedHandler.handle(ScopedHandler.java:135)
	at org.eclipse.jetty.server.handler.ContextHandlerCollection.handle(ContextHandlerCollection.java:255)
	at org.eclipse.jetty.server.handler.HandlerWrapper.handle(HandlerWrapper.java:116)
	at org.eclipse.jetty.server.Server.handle(Server.java:365)
	at org.eclipse.jetty.server.AbstractHttpConnection.handleRequest(AbstractHttpConnection.java:485)
	at org.eclipse.jetty.server.AbstractHttpConnection.content(AbstractHttpConnection.java:937)
	at org.eclipse.jetty.server.AbstractHttpConnection$RequestHandler.content(AbstractHttpConnection.java:998)
	at org.eclipse.jetty.http.HttpParser.parseNext(HttpParser.java:856)
	at org.eclipse.jetty.http.HttpParser.parseAvailable(HttpParser.java:240)
	at org.eclipse.jetty.server.AsyncHttpConnection.handle(AsyncHttpConnection.java:82)
	at org.eclipse.jetty.io.nio.SelectChannelEndPoint.handle(SelectChannelEndPoint.java:627)
	at org.eclipse.jetty.io.nio.SelectChannelEndPoint$1.run(SelectChannelEndPoint.java:51)
	at org.eclipse.jetty.util.thread.QueuedThreadPool.runJob(QueuedThreadPool.java:608)
	at org.eclipse.jetty.util.thread.QueuedThreadPool$3.run(QueuedThreadPool.java:543)
	at java.lang.Thread.run(Thread.java:680)
Caused by: com.google.gson.stream.MalformedJsonException: Expected EOF at line 1 column 36016
	at com.google.gson.stream.JsonReader.syntaxError(JsonReader.java:1298)
	at com.google.gson.stream.JsonReader.peek(JsonReader.java:390)
	at com.google.gson.JsonParser.parse(JsonParser.java:60)
	... 24 more
26 Jul 2013 00:20:35,973 ERROR security.AuditInLogger - Exception in AuditModule
com.google.gson.JsonSyntaxException: com.google.gson.stream.MalformedJsonException: Expected EOF at line 1 column 36016
	at com.google.gson.JsonParser.parse(JsonParser.java:65)
	at edu.emory.cci.bindaas.security.impl.FileSystemAuditProvider.audit(FileSystemAuditProvider.java:64)
	at edu.emory.cci.bindaas.core.rest.security.AuditInLogger.handleMessage(AuditInLogger.java:141)
	at org.apache.cxf.phase.PhaseInterceptorChain.doIntercept(PhaseInterceptorChain.java:271)
	at org.apache.cxf.transport.ChainInitiationObserver.onMessage(ChainInitiationObserver.java:121)
	at org.apache.cxf.transport.http_jetty.JettyHTTPDestination.serviceRequest(JettyHTTPDestination.java:355)
	at org.apache.cxf.transport.http_jetty.JettyHTTPDestination.doService(JettyHTTPDestination.java:319)
	at org.apache.cxf.transport.http_jetty.JettyHTTPHandler.handle(JettyHTTPHandler.java:72)
	at org.eclipse.jetty.server.handler.ContextHandler.doHandle(ContextHandler.java:1074)
	at org.eclipse.jetty.server.handler.ContextHandler.doScope(ContextHandler.java:1010)
	at org.eclipse.jetty.server.handler.ScopedHandler.handle(ScopedHandler.java:135)
	at org.eclipse.jetty.server.handler.ContextHandlerCollection.handle(ContextHandlerCollection.java:255)
	at org.eclipse.jetty.server.handler.HandlerWrapper.handle(HandlerWrapper.java:116)
	at org.eclipse.jetty.server.Server.handle(Server.java:365)
	at org.eclipse.jetty.server.AbstractHttpConnection.handleRequest(AbstractHttpConnection.java:485)
	at org.eclipse.jetty.server.AbstractHttpConnection.content(AbstractHttpConnection.java:937)
	at org.eclipse.jetty.server.AbstractHttpConnection$RequestHandler.content(AbstractHttpConnection.java:998)
	at org.eclipse.jetty.http.HttpParser.parseNext(HttpParser.java:856)
	at org.eclipse.jetty.http.HttpParser.parseAvailable(HttpParser.java:240)
	at org.eclipse.jetty.server.AsyncHttpConnection.handle(AsyncHttpConnection.java:82)
	at org.eclipse.jetty.io.nio.SelectChannelEndPoint.handle(SelectChannelEndPoint.java:627)
	at org.eclipse.jetty.io.nio.SelectChannelEndPoint$1.run(SelectChannelEndPoint.java:51)
	at org.eclipse.jetty.util.thread.QueuedThreadPool.runJob(QueuedThreadPool.java:608)
	at org.eclipse.jetty.util.thread.QueuedThreadPool$3.run(QueuedThreadPool.java:543)
	at java.lang.Thread.run(Thread.java:680)
Caused by: com.google.gson.stream.MalformedJsonException: Expected EOF at line 1 column 36016
	at com.google.gson.stream.JsonReader.syntaxError(JsonReader.java:1298)
	at com.google.gson.stream.JsonReader.peek(JsonReader.java:390)
	at com.google.gson.JsonParser.parse(JsonParser.java:60)
	... 24 more
26 Jul 2013 00:20:36,001 ERROR security.AuditInLogger - Exception in AuditModule
com.google.gson.JsonSyntaxException: com.google.gson.stream.MalformedJsonException: Expected EOF at line 1 column 36016
	at com.google.gson.JsonParser.parse(JsonParser.java:65)
	at edu.emory.cci.bindaas.security.impl.FileSystemAuditProvider.audit(FileSystemAuditProvider.java:64)
	at edu.emory.cci.bindaas.core.rest.security.AuditInLogger.handleMessage(AuditInLogger.java:141)
	at org.apache.cxf.phase.PhaseInterceptorChain.doIntercept(PhaseInterceptorChain.java:271)
	at org.apache.cxf.transport.ChainInitiationObserver.onMessage(ChainInitiationObserver.java:121)
	at org.apache.cxf.transport.http_jetty.JettyHTTPDestination.serviceRequest(JettyHTTPDestination.java:355)
	at org.apache.cxf.transport.http_jetty.JettyHTTPDestination.doService(JettyHTTPDestination.java:319)
	at org.apache.cxf.transport.http_jetty.JettyHTTPHandler.handle(JettyHTTPHandler.java:72)
	at org.eclipse.jetty.server.handler.ContextHandler.doHandle(ContextHandler.java:1074)
	at org.eclipse.jetty.server.handler.ContextHandler.doScope(ContextHandler.java:1010)
	at org.eclipse.jetty.server.handler.ScopedHandler.handle(ScopedHandler.java:135)
	at org.eclipse.jetty.server.handler.ContextHandlerCollection.handle(ContextHandlerCollection.java:255)
	at org.eclipse.jetty.server.handler.HandlerWrapper.handle(HandlerWrapper.java:116)
	at org.eclipse.jetty.server.Server.handle(Server.java:365)
	at org.eclipse.jetty.server.AbstractHttpConnection.handleRequest(AbstractHttpConnection.java:485)
	at org.eclipse.jetty.server.AbstractHttpConnection.content(AbstractHttpConnection.java:937)
	at org.eclipse.jetty.server.AbstractHttpConnection$RequestHandler.content(AbstractHttpConnection.java:998)
	at org.eclipse.jetty.http.HttpParser.parseNext(HttpParser.java:856)
	at org.eclipse.jetty.http.HttpParser.parseAvailable(HttpParser.java:240)
	at org.eclipse.jetty.server.AsyncHttpConnection.handle(AsyncHttpConnection.java:82)
	at org.eclipse.jetty.io.nio.SelectChannelEndPoint.handle(SelectChannelEndPoint.java:627)
	at org.eclipse.jetty.io.nio.SelectChannelEndPoint$1.run(SelectChannelEndPoint.java:51)
	at org.eclipse.jetty.util.thread.QueuedThreadPool.runJob(QueuedThreadPool.java:608)
	at org.eclipse.jetty.util.thread.QueuedThreadPool$3.run(QueuedThreadPool.java:543)
	at java.lang.Thread.run(Thread.java:680)
Caused by: com.google.gson.stream.MalformedJsonException: Expected EOF at line 1 column 36016
	at com.google.gson.stream.JsonReader.syntaxError(JsonReader.java:1298)
	at com.google.gson.stream.JsonReader.peek(JsonReader.java:390)
	at com.google.gson.JsonParser.parse(JsonParser.java:60)
	... 24 more
26 Jul 2013 00:20:36,015 ERROR security.AuditInLogger - Exception in AuditModule
com.google.gson.JsonSyntaxException: com.google.gson.stream.MalformedJsonException: Expected EOF at line 1 column 36016
	at com.google.gson.JsonParser.parse(JsonParser.java:65)
	at edu.emory.cci.bindaas.security.impl.FileSystemAuditProvider.audit(FileSystemAuditProvider.java:64)
	at edu.emory.cci.bindaas.core.rest.security.AuditInLogger.handleMessage(AuditInLogger.java:141)
	at org.apache.cxf.phase.PhaseInterceptorChain.doIntercept(PhaseInterceptorChain.java:271)
	at org.apache.cxf.transport.ChainInitiationObserver.onMessage(ChainInitiationObserver.java:121)
	at org.apache.cxf.transport.http_jetty.JettyHTTPDestination.serviceRequest(JettyHTTPDestination.java:355)
	at org.apache.cxf.transport.http_jetty.JettyHTTPDestination.doService(JettyHTTPDestination.java:319)
	at org.apache.cxf.transport.http_jetty.JettyHTTPHandler.handle(JettyHTTPHandler.java:72)
	at org.eclipse.jetty.server.handler.ContextHandler.doHandle(ContextHandler.java:1074)
	at org.eclipse.jetty.server.handler.ContextHandler.doScope(ContextHandler.java:1010)
	at org.eclipse.jetty.server.handler.ScopedHandler.handle(ScopedHandler.java:135)
	at org.eclipse.jetty.server.handler.ContextHandlerCollection.handle(ContextHandlerCollection.java:255)
	at org.eclipse.jetty.server.handler.HandlerWrapper.handle(HandlerWrapper.java:116)
	at org.eclipse.jetty.server.Server.handle(Server.java:365)
	at org.eclipse.jetty.server.AbstractHttpConnection.handleRequest(AbstractHttpConnection.java:485)
	at org.eclipse.jetty.server.AbstractHttpConnection.content(AbstractHttpConnection.java:937)
	at org.eclipse.jetty.server.AbstractHttpConnection$RequestHandler.content(AbstractHttpConnection.java:998)
	at org.eclipse.jetty.http.HttpParser.parseNext(HttpParser.java:856)
	at org.eclipse.jetty.http.HttpParser.parseAvailable(HttpParser.java:235)
	at org.eclipse.jetty.server.AsyncHttpConnection.handle(AsyncHttpConnection.java:82)
	at org.eclipse.jetty.io.nio.SelectChannelEndPoint.handle(SelectChannelEndPoint.java:627)
	at org.eclipse.jetty.io.nio.SelectChannelEndPoint$1.run(SelectChannelEndPoint.java:51)
	at org.eclipse.jetty.util.thread.QueuedThreadPool.runJob(QueuedThreadPool.java:608)
	at org.eclipse.jetty.util.thread.QueuedThreadPool$3.run(QueuedThreadPool.java:543)
	at java.lang.Thread.run(Thread.java:680)
Caused by: com.google.gson.stream.MalformedJsonException: Expected EOF at line 1 column 36016
	at com.google.gson.stream.JsonReader.syntaxError(JsonReader.java:1298)
	at com.google.gson.stream.JsonReader.peek(JsonReader.java:390)
	at com.google.gson.JsonParser.parse(JsonParser.java:60)
	... 24 more
26 Jul 2013 00:20:36,010 ERROR security.AuditInLogger - Exception in AuditModule
com.google.gson.JsonSyntaxException: com.google.gson.stream.MalformedJsonException: Expected EOF at line 1 column 36016
	at com.google.gson.JsonParser.parse(JsonParser.java:65)
	at edu.emory.cci.bindaas.security.impl.FileSystemAuditProvider.audit(FileSystemAuditProvider.java:64)
	at edu.emory.cci.bindaas.core.rest.security.AuditInLogger.handleMessage(AuditInLogger.java:141)
	at org.apache.cxf.phase.PhaseInterceptorChain.doIntercept(PhaseInterceptorChain.java:271)
	at org.apache.cxf.transport.ChainInitiationObserver.onMessage(ChainInitiationObserver.java:121)
	at org.apache.cxf.transport.http_jetty.JettyHTTPDestination.serviceRequest(JettyHTTPDestination.java:355)
	at org.apache.cxf.transport.http_jetty.JettyHTTPDestination.doService(JettyHTTPDestination.java:319)
	at org.apache.cxf.transport.http_jetty.JettyHTTPHandler.handle(JettyHTTPHandler.java:72)
	at org.eclipse.jetty.server.handler.ContextHandler.doHandle(ContextHandler.java:1074)
	at org.eclipse.jetty.server.handler.ContextHandler.doScope(ContextHandler.java:1010)
	at org.eclipse.jetty.server.handler.ScopedHandler.handle(ScopedHandler.java:135)
	at org.eclipse.jetty.server.handler.ContextHandlerCollection.handle(ContextHandlerCollection.java:255)
	at org.eclipse.jetty.server.handler.HandlerWrapper.handle(HandlerWrapper.java:116)
	at org.eclipse.jetty.server.Server.handle(Server.java:365)
	at org.eclipse.jetty.server.AbstractHttpConnection.handleRequest(AbstractHttpConnection.java:485)
	at org.eclipse.jetty.server.AbstractHttpConnection.content(AbstractHttpConnection.java:937)
	at org.eclipse.jetty.server.AbstractHttpConnection$RequestHandler.content(AbstractHttpConnection.java:998)
	at org.eclipse.jetty.http.HttpParser.parseNext(HttpParser.java:856)
	at org.eclipse.jetty.http.HttpParser.parseAvailable(HttpParser.java:240)
	at org.eclipse.jetty.server.AsyncHttpConnection.handle(AsyncHttpConnection.java:82)
	at org.eclipse.jetty.io.nio.SelectChannelEndPoint.handle(SelectChannelEndPoint.java:627)
	at org.eclipse.jetty.io.nio.SelectChannelEndPoint$1.run(SelectChannelEndPoint.java:51)
	at org.eclipse.jetty.util.thread.QueuedThreadPool.runJob(QueuedThreadPool.java:608)
	at org.eclipse.jetty.util.thread.QueuedThreadPool$3.run(QueuedThreadPool.java:543)
	at java.lang.Thread.run(Thread.java:680)
Caused by: com.google.gson.stream.MalformedJsonException: Expected EOF at line 1 column 36016
	at com.google.gson.stream.JsonReader.syntaxError(JsonReader.java:1298)
	at com.google.gson.stream.JsonReader.peek(JsonReader.java:390)
	at com.google.gson.JsonParser.parse(JsonParser.java:60)
	... 24 more
26 Jul 2013 00:20:36,001 ERROR security.AuditInLogger - Exception in AuditModule
com.google.gson.JsonSyntaxException: com.google.gson.stream.MalformedJsonException: Expected EOF at line 1 column 36016
	at com.google.gson.JsonParser.parse(JsonParser.java:65)
	at edu.emory.cci.bindaas.security.impl.FileSystemAuditProvider.audit(FileSystemAuditProvider.java:64)
	at edu.emory.cci.bindaas.core.rest.security.AuditInLogger.handleMessage(AuditInLogger.java:141)
	at org.apache.cxf.phase.PhaseInterceptorChain.doIntercept(PhaseInterceptorChain.java:271)
	at org.apache.cxf.transport.ChainInitiationObserver.onMessage(ChainInitiationObserver.java:121)
	at org.apache.cxf.transport.http_jetty.JettyHTTPDestination.serviceRequest(JettyHTTPDestination.java:355)
	at org.apache.cxf.transport.http_jetty.JettyHTTPDestination.doService(JettyHTTPDestination.java:319)
	at org.apache.cxf.transport.http_jetty.JettyHTTPHandler.handle(JettyHTTPHandler.java:72)
	at org.eclipse.jetty.server.handler.ContextHandler.doHandle(ContextHandler.java:1074)
	at org.eclipse.jetty.server.handler.ContextHandler.doScope(ContextHandler.java:1010)
	at org.eclipse.jetty.server.handler.ScopedHandler.handle(ScopedHandler.java:135)
	at org.eclipse.jetty.server.handler.ContextHandlerCollection.handle(ContextHandlerCollection.java:255)
	at org.eclipse.jetty.server.handler.HandlerWrapper.handle(HandlerWrapper.java:116)
	at org.eclipse.jetty.server.Server.handle(Server.java:365)
	at org.eclipse.jetty.server.AbstractHttpConnection.handleRequest(AbstractHttpConnection.java:485)
	at org.eclipse.jetty.server.AbstractHttpConnection.content(AbstractHttpConnection.java:937)
	at org.eclipse.jetty.server.AbstractHttpConnection$RequestHandler.content(AbstractHttpConnection.java:998)
	at org.eclipse.jetty.http.HttpParser.parseNext(HttpParser.java:856)
	at org.eclipse.jetty.http.HttpParser.parseAvailable(HttpParser.java:240)
	at org.eclipse.jetty.server.AsyncHttpConnection.handle(AsyncHttpConnection.java:82)
	at org.eclipse.jetty.io.nio.SelectChannelEndPoint.handle(SelectChannelEndPoint.java:627)
	at org.eclipse.jetty.io.nio.SelectChannelEndPoint$1.run(SelectChannelEndPoint.java:51)
	at org.eclipse.jetty.util.thread.QueuedThreadPool.runJob(QueuedThreadPool.java:608)
	at org.eclipse.jetty.util.thread.QueuedThreadPool$3.run(QueuedThreadPool.java:543)
	at java.lang.Thread.run(Thread.java:680)
Caused by: com.google.gson.stream.MalformedJsonException: Expected EOF at line 1 column 36016
	at com.google.gson.stream.JsonReader.syntaxError(JsonReader.java:1298)
	at com.google.gson.stream.JsonReader.peek(JsonReader.java:390)
	at com.google.gson.JsonParser.parse(JsonParser.java:60)
	... 24 more
26 Jul 2013 00:20:36,032 ERROR security.AuditInLogger - Exception in AuditModule
com.google.gson.JsonSyntaxException: com.google.gson.stream.MalformedJsonException: Expected EOF at line 1 column 36016
	at com.google.gson.JsonParser.parse(JsonParser.java:65)
	at edu.emory.cci.bindaas.security.impl.FileSystemAuditProvider.audit(FileSystemAuditProvider.java:64)
	at edu.emory.cci.bindaas.core.rest.security.AuditInLogger.handleMessage(AuditInLogger.java:141)
	at org.apache.cxf.phase.PhaseInterceptorChain.doIntercept(PhaseInterceptorChain.java:271)
	at org.apache.cxf.transport.ChainInitiationObserver.onMessage(ChainInitiationObserver.java:121)
	at org.apache.cxf.transport.http_jetty.JettyHTTPDestination.serviceRequest(JettyHTTPDestination.java:355)
	at org.apache.cxf.transport.http_jetty.JettyHTTPDestination.doService(JettyHTTPDestination.java:319)
	at org.apache.cxf.transport.http_jetty.JettyHTTPHandler.handle(JettyHTTPHandler.java:72)
	at org.eclipse.jetty.server.handler.ContextHandler.doHandle(ContextHandler.java:1074)
	at org.eclipse.jetty.server.handler.ContextHandler.doScope(ContextHandler.java:1010)
	at org.eclipse.jetty.server.handler.ScopedHandler.handle(ScopedHandler.java:135)
	at org.eclipse.jetty.server.handler.ContextHandlerCollection.handle(ContextHandlerCollection.java:255)
	at org.eclipse.jetty.server.handler.HandlerWrapper.handle(HandlerWrapper.java:116)
	at org.eclipse.jetty.server.Server.handle(Server.java:365)
	at org.eclipse.jetty.server.AbstractHttpConnection.handleRequest(AbstractHttpConnection.java:485)
	at org.eclipse.jetty.server.AbstractHttpConnection.content(AbstractHttpConnection.java:937)
	at org.eclipse.jetty.server.AbstractHttpConnection$RequestHandler.content(AbstractHttpConnection.java:998)
	at org.eclipse.jetty.http.HttpParser.parseNext(HttpParser.java:856)
	at org.eclipse.jetty.http.HttpParser.parseAvailable(HttpParser.java:235)
	at org.eclipse.jetty.server.AsyncHttpConnection.handle(AsyncHttpConnection.java:82)
	at org.eclipse.jetty.io.nio.SelectChannelEndPoint.handle(SelectChannelEndPoint.java:627)
	at org.eclipse.jetty.io.nio.SelectChannelEndPoint$1.run(SelectChannelEndPoint.java:51)
	at org.eclipse.jetty.util.thread.QueuedThreadPool.runJob(QueuedThreadPool.java:608)
	at org.eclipse.jetty.util.thread.QueuedThreadPool$3.run(QueuedThreadPool.java:543)
	at java.lang.Thread.run(Thread.java:680)
Caused by: com.google.gson.stream.MalformedJsonException: Expected EOF at line 1 column 36016
	at com.google.gson.stream.JsonReader.syntaxError(JsonReader.java:1298)
	at com.google.gson.stream.JsonReader.peek(JsonReader.java:390)
	at com.google.gson.JsonParser.parse(JsonParser.java:60)
	... 24 more
26 Jul 2013 00:20:36,032 ERROR security.AuditInLogger - Exception in AuditModule
com.google.gson.JsonSyntaxException: com.google.gson.stream.MalformedJsonException: Expected EOF at line 1 column 36016
	at com.google.gson.JsonParser.parse(JsonParser.java:65)
	at edu.emory.cci.bindaas.security.impl.FileSystemAuditProvider.audit(FileSystemAuditProvider.java:64)
	at edu.emory.cci.bindaas.core.rest.security.AuditInLogger.handleMessage(AuditInLogger.java:141)
	at org.apache.cxf.phase.PhaseInterceptorChain.doIntercept(PhaseInterceptorChain.java:271)
	at org.apache.cxf.transport.ChainInitiationObserver.onMessage(ChainInitiationObserver.java:121)
	at org.apache.cxf.transport.http_jetty.JettyHTTPDestination.serviceRequest(JettyHTTPDestination.java:355)
	at org.apache.cxf.transport.http_jetty.JettyHTTPDestination.doService(JettyHTTPDestination.java:319)
	at org.apache.cxf.transport.http_jetty.JettyHTTPHandler.handle(JettyHTTPHandler.java:72)
	at org.eclipse.jetty.server.handler.ContextHandler.doHandle(ContextHandler.java:1074)
	at org.eclipse.jetty.server.handler.ContextHandler.doScope(ContextHandler.java:1010)
	at org.eclipse.jetty.server.handler.ScopedHandler.handle(ScopedHandler.java:135)
	at org.eclipse.jetty.server.handler.ContextHandlerCollection.handle(ContextHandlerCollection.java:255)
	at org.eclipse.jetty.server.handler.HandlerWrapper.handle(HandlerWrapper.java:116)
	at org.eclipse.jetty.server.Server.handle(Server.java:365)
	at org.eclipse.jetty.server.AbstractHttpConnection.handleRequest(AbstractHttpConnection.java:485)
	at org.eclipse.jetty.server.AbstractHttpConnection.content(AbstractHttpConnection.java:937)
	at org.eclipse.jetty.server.AbstractHttpConnection$RequestHandler.content(AbstractHttpConnection.java:998)
	at org.eclipse.jetty.http.HttpParser.parseNext(HttpParser.java:856)
	at org.eclipse.jetty.http.HttpParser.parseAvailable(HttpParser.java:240)
	at org.eclipse.jetty.server.AsyncHttpConnection.handle(AsyncHttpConnection.java:82)
	at org.eclipse.jetty.io.nio.SelectChannelEndPoint.handle(SelectChannelEndPoint.java:627)
	at org.eclipse.jetty.io.nio.SelectChannelEndPoint$1.run(SelectChannelEndPoint.java:51)
	at org.eclipse.jetty.util.thread.QueuedThreadPool.runJob(QueuedThreadPool.java:608)
	at org.eclipse.jetty.util.thread.QueuedThreadPool$3.run(QueuedThreadPool.java:543)
	at java.lang.Thread.run(Thread.java:680)
Caused by: com.google.gson.stream.MalformedJsonException: Expected EOF at line 1 column 36016
	at com.google.gson.stream.JsonReader.syntaxError(JsonReader.java:1298)
	at com.google.gson.stream.JsonReader.peek(JsonReader.java:390)
	at com.google.gson.JsonParser.parse(JsonParser.java:60)
	... 24 more
