!SESSION 2013-08-27 13:25:32.541 -----------------------------------------------
eclipse.buildId=unknown
java.version=1.6.0_51
java.vendor=Apple Inc.
BootLoader constants: OS=macosx, ARCH=x86_64, WS=cocoa, NL=en_US

!ENTRY org.apache.felix.http.jetty 4 0 2013-08-27 13:25:38.709
!MESSAGE Exception while initializing Jetty.
!STACK 0
java.net.BindException: Address already in use
	at sun.nio.ch.Net.bind(Native Method)
	at sun.nio.ch.ServerSocketChannelImpl.bind(ServerSocketChannelImpl.java:124)
	at sun.nio.ch.ServerSocketAdaptor.bind(ServerSocketAdaptor.java:59)
	at org.mortbay.jetty.nio.SelectChannelConnector.open(SelectChannelConnector.java:216)
	at org.mortbay.jetty.nio.SelectChannelConnector.doStart(SelectChannelConnector.java:315)
	at org.mortbay.component.AbstractLifeCycle.start(AbstractLifeCycle.java:50)
	at org.mortbay.jetty.Server.doStart(Server.java:235)
	at org.mortbay.component.AbstractLifeCycle.start(AbstractLifeCycle.java:50)
	at org.apache.felix.http.jetty.internal.JettyService.initializeJetty(JettyService.java:164)
	at org.apache.felix.http.jetty.internal.JettyService.startJetty(JettyService.java:115)
	at org.apache.felix.http.jetty.internal.JettyService.run(JettyService.java:290)
	at java.lang.Thread.run(Thread.java:680)

!ENTRY org.apache.felix.http.jetty 4 0 2013-08-27 13:25:41.826
!MESSAGE Exception while initializing Jetty.
!STACK 0
java.net.BindException: Address already in use
	at sun.nio.ch.Net.bind(Native Method)
	at sun.nio.ch.ServerSocketChannelImpl.bind(ServerSocketChannelImpl.java:124)
	at sun.nio.ch.ServerSocketAdaptor.bind(ServerSocketAdaptor.java:59)
	at org.mortbay.jetty.nio.SelectChannelConnector.open(SelectChannelConnector.java:216)
	at org.mortbay.jetty.nio.SelectChannelConnector.doStart(SelectChannelConnector.java:315)
	at org.mortbay.component.AbstractLifeCycle.start(AbstractLifeCycle.java:50)
	at org.mortbay.jetty.Server.doStart(Server.java:235)
	at org.mortbay.component.AbstractLifeCycle.start(AbstractLifeCycle.java:50)
	at org.apache.felix.http.jetty.internal.JettyService.initializeJetty(JettyService.java:164)
	at org.apache.felix.http.jetty.internal.JettyService.startJetty(JettyService.java:115)
	at org.apache.felix.http.jetty.internal.JettyService.run(JettyService.java:290)
	at java.lang.Thread.run(Thread.java:680)
